<?xml version="1.0" encoding="UTF-8"?>
<!-- Generated by org.testng.reporters.JUnitReportReporter -->
<testsuite hostname="RS-QA-LP-005" name="NewTest" tests="1" failures="0" timestamp="27 Nov 2020 17:58:30 GMT" time="3.462" errors="0">
  <testcase name="testEasy" time="3.462" classname="NewTest"/>
</testsuite> <!-- NewTest -->
